
-------------------------------------------------------------------------------
Parsing project file - E:\__Mods made by Dawnbomb\Darkest Dungeon Mods\Clarity Mod\project.xml
Mod Data Directory = e:/__Mods made by Dawnbomb/Darkest Dungeon Mods/Clarity Mod/

-------------------------------------------------------------------------------
Processing Map Files files...

-------------------------------------------------------------------------------
Running Localization...
Parsing localization/miscellaneous.string_table.xml

Building Languages

+++++++++++++++++++++++++++++++++++++++++
Error english - str_inventory_description_supplydog_treats
----------
Malformed input (%DMG +15ACC Buff{colour_end} for 3 rounds. 
	Curio interactions: 
	Cove: 1)
----------

+++++++++++++++++++++++++++++++++++++++++
Error english - str_monster_skill_fish_stresscast
----------
Malformed input (%) {colour_end})
----------
Exporting .loc files

-------------------------------------------------------------------------------
Searching for preview icon file e:/__Mods made by Dawnbomb/Darkest Dungeon Mods/Clarity Mod/preview_icon.png...FOUND!
<UploadMode> - Set to direct_upload


-------------------------------------------------------------------------------
Detected 130 unchanged files
The following files are unchanged and will be uploaded...
e:/__Mods made by Dawnbomb/Darkest Dungeon Mods/Clarity Mod/dlc/580100_crimson_court/features/crimson_court/props/shared/curios/cc_shrew_hooded/cc_shrew_hooded.atlas
e:/__Mods made by Dawnbomb/Darkest Dungeon Mods/Clarity Mod/dlc/580100_crimson_court/features/crimson_court/props/shared/curios/cc_shrew_hooded/cc_shrew_hooded.skel
e:/__Mods made by Dawnbomb/Darkest Dungeon Mods/Clarity Mod/props/shared/curios/alchemy_table/alchemy_table.atlas
e:/__Mods made by Dawnbomb/Darkest Dungeon Mods/Clarity Mod/props/shared/curios/alchemy_table/alchemy_table.skel
e:/__Mods made by Dawnbomb/Darkest Dungeon Mods/Clarity Mod/props/shared/curios/altar_of_light/altar_of_light.atlas
e:/__Mods made by Dawnbomb/Darkest Dungeon Mods/Clarity Mod/props/shared/curios/altar_of_light/altar_of_light.skel
e:/__Mods made by Dawnbomb/Darkest Dungeon Mods/Clarity Mod/props/shared/curios/ancestors_knapsack/ancestors_knapsack.atlas
e:/__Mods made by Dawnbomb/Darkest Dungeon Mods/Clarity Mod/props/shared/curios/ancestors_knapsack/ancestors_knapsack.skel
e:/__Mods made by Dawnbomb/Darkest Dungeon Mods/Clarity Mod/props/shared/curios/ancient_coffin/ancient_coffin.atlas
e:/__Mods made by Dawnbomb/Darkest Dungeon Mods/Clarity Mod/props/shared/curios/ancient_coffin/ancient_coffin.skel
e:/__Mods made by Dawnbomb/Darkest Dungeon Mods/Clarity Mod/props/shared/curios/animalistic_shrine/animalistic_shrine.atlas
e:/__Mods made by Dawnbomb/Darkest Dungeon Mods/Clarity Mod/props/shared/curios/animalistic_shrine/animalistic_shrine.skel
e:/__Mods made by Dawnbomb/Darkest Dungeon Mods/Clarity Mod/props/shared/curios/barnacle_crusted_chest/barnacle_crusted_chest.atlas
e:/__Mods made by Dawnbomb/Darkest Dungeon Mods/Clarity Mod/props/shared/curios/barnacle_crusted_chest/barnacle_crusted_chest.skel
e:/__Mods made by Dawnbomb/Darkest Dungeon Mods/Clarity Mod/props/shared/curios/bas_relief/bas_relief.atlas
e:/__Mods made by Dawnbomb/Darkest Dungeon Mods/Clarity Mod/props/shared/curios/bas_relief/bas_relief.skel
e:/__Mods made by Dawnbomb/Darkest Dungeon Mods/Clarity Mod/props/shared/curios/beacon/beacon.atlas
e:/__Mods made by Dawnbomb/Darkest Dungeon Mods/Clarity Mod/props/shared/curios/beacon/beacon.skel
e:/__Mods made by Dawnbomb/Darkest Dungeon Mods/Clarity Mod/props/shared/curios/beast_carcass/beast_carcass.atlas
e:/__Mods made by Dawnbomb/Darkest Dungeon Mods/Clarity Mod/props/shared/curios/beast_carcass/beast_carcass.skel
e:/__Mods made by Dawnbomb/Darkest Dungeon Mods/Clarity Mod/props/shared/curios/bookshelf/bookshelf.atlas
e:/__Mods made by Dawnbomb/Darkest Dungeon Mods/Clarity Mod/props/shared/curios/bookshelf/bookshelf.skel
e:/__Mods made by Dawnbomb/Darkest Dungeon Mods/Clarity Mod/props/shared/curios/brackish_tidepool/brackish_tidepool.atlas
e:/__Mods made by Dawnbomb/Darkest Dungeon Mods/Clarity Mod/props/shared/curios/brackish_tidepool/brackish_tidepool.skel
e:/__Mods made by Dawnbomb/Darkest Dungeon Mods/Clarity Mod/props/shared/curios/chest/chest.atlas
e:/__Mods made by Dawnbomb/Darkest Dungeon Mods/Clarity Mod/props/shared/curios/chest/chest.skel
e:/__Mods made by Dawnbomb/Darkest Dungeon Mods/Clarity Mod/props/shared/curios/chirurgeons_satchel/chirurgeons_satchel.atlas
e:/__Mods made by Dawnbomb/Darkest Dungeon Mods/Clarity Mod/props/shared/curios/chirurgeons_satchel/chirurgeons_satchel.skel
e:/__Mods made by Dawnbomb/Darkest Dungeon Mods/Clarity Mod/props/shared/curios/confession_booth/confession_booth.atlas
e:/__Mods made by Dawnbomb/Darkest Dungeon Mods/Clarity Mod/props/shared/curios/confession_booth/confession_booth.skel
e:/__Mods made by Dawnbomb/Darkest Dungeon Mods/Clarity Mod/props/shared/curios/corrupted_altar/corrupted_altar.atlas
e:/__Mods made by Dawnbomb/Darkest Dungeon Mods/Clarity Mod/props/shared/curios/corrupted_altar/corrupted_altar.skel
e:/__Mods made by Dawnbomb/Darkest Dungeon Mods/Clarity Mod/props/shared/curios/cosmic_spiderweb/cosmic_spiderweb.atlas
e:/__Mods made by Dawnbomb/Darkest Dungeon Mods/Clarity Mod/props/shared/curios/cosmic_spiderweb/cosmic_spiderweb.skel
e:/__Mods made by Dawnbomb/Darkest Dungeon Mods/Clarity Mod/props/shared/curios/crate/crate.atlas
e:/__Mods made by Dawnbomb/Darkest Dungeon Mods/Clarity Mod/props/shared/curios/crate/crate.skel
e:/__Mods made by Dawnbomb/Darkest Dungeon Mods/Clarity Mod/props/shared/curios/decorative_urn/decorative_urn.atlas
e:/__Mods made by Dawnbomb/Darkest Dungeon Mods/Clarity Mod/props/shared/curios/decorative_urn/decorative_urn.skel
e:/__Mods made by Dawnbomb/Darkest Dungeon Mods/Clarity Mod/props/shared/curios/dinner_cart/dinner_cart.atlas
e:/__Mods made by Dawnbomb/Darkest Dungeon Mods/Clarity Mod/props/shared/curios/dinner_cart/dinner_cart.skel
e:/__Mods made by Dawnbomb/Darkest Dungeon Mods/Clarity Mod/props/shared/curios/discarded_pack/discarded_pack.atlas
e:/__Mods made by Dawnbomb/Darkest Dungeon Mods/Clarity Mod/props/shared/curios/discarded_pack/discarded_pack.skel
e:/__Mods made by Dawnbomb/Darkest Dungeon Mods/Clarity Mod/props/shared/curios/eerie_coral/eerie_coral.atlas
e:/__Mods made by Dawnbomb/Darkest Dungeon Mods/Clarity Mod/props/shared/curios/eerie_coral/eerie_coral.skel
e:/__Mods made by Dawnbomb/Darkest Dungeon Mods/Clarity Mod/props/shared/curios/eldritch_altar/eldritch_altar.atlas
e:/__Mods made by Dawnbomb/Darkest Dungeon Mods/Clarity Mod/props/shared/curios/eldritch_altar/eldritch_altar.skel
e:/__Mods made by Dawnbomb/Darkest Dungeon Mods/Clarity Mod/props/shared/curios/fish_idol/fish_idol.atlas
e:/__Mods made by Dawnbomb/Darkest Dungeon Mods/Clarity Mod/props/shared/curios/fish_idol/fish_idol.skel
e:/__Mods made by Dawnbomb/Darkest Dungeon Mods/Clarity Mod/props/shared/curios/foodstuff_crate/foodstuff_crate.atlas
e:/__Mods made by Dawnbomb/Darkest Dungeon Mods/Clarity Mod/props/shared/curios/foodstuff_crate/foodstuff_crate.skel
e:/__Mods made by Dawnbomb/Darkest Dungeon Mods/Clarity Mod/props/shared/curios/giant_fish_carcass/giant_fish_carcass.atlas
e:/__Mods made by Dawnbomb/Darkest Dungeon Mods/Clarity Mod/props/shared/curios/giant_fish_carcass/giant_fish_carcass.skel
e:/__Mods made by Dawnbomb/Darkest Dungeon Mods/Clarity Mod/props/shared/curios/giant_oyster/giant_oyster.atlas
e:/__Mods made by Dawnbomb/Darkest Dungeon Mods/Clarity Mod/props/shared/curios/giant_oyster/giant_oyster.skel
e:/__Mods made by Dawnbomb/Darkest Dungeon Mods/Clarity Mod/props/shared/curios/heirloom_chest/heirloom_chest.atlas
e:/__Mods made by Dawnbomb/Darkest Dungeon Mods/Clarity Mod/props/shared/curios/heirloom_chest/heirloom_chest.skel
e:/__Mods made by Dawnbomb/Darkest Dungeon Mods/Clarity Mod/props/shared/curios/holy_fountain/holy_fountain.atlas
e:/__Mods made by Dawnbomb/Darkest Dungeon Mods/Clarity Mod/props/shared/curios/holy_fountain/holy_fountain.skel
e:/__Mods made by Dawnbomb/Darkest Dungeon Mods/Clarity Mod/props/shared/curios/infected_corpse/infected_corpse.atlas
e:/__Mods made by Dawnbomb/Darkest Dungeon Mods/Clarity Mod/props/shared/curios/infected_corpse/infected_corpse.skel
e:/__Mods made by Dawnbomb/Darkest Dungeon Mods/Clarity Mod/props/shared/curios/iron_maiden/iron_maiden.atlas
e:/__Mods made by Dawnbomb/Darkest Dungeon Mods/Clarity Mod/props/shared/curios/iron_maiden/iron_maiden.skel
e:/__Mods made by Dawnbomb/Darkest Dungeon Mods/Clarity Mod/props/shared/curios/knife_rack/knife_rack.atlas
e:/__Mods made by Dawnbomb/Darkest Dungeon Mods/Clarity Mod/props/shared/curios/knife_rack/knife_rack.skel
e:/__Mods made by Dawnbomb/Darkest Dungeon Mods/Clarity Mod/props/shared/curios/locked_display_cabinet/locked_display_cabinet.atlas
e:/__Mods made by Dawnbomb/Darkest Dungeon Mods/Clarity Mod/props/shared/curios/locked_display_cabinet/locked_display_cabinet.skel
e:/__Mods made by Dawnbomb/Darkest Dungeon Mods/Clarity Mod/props/shared/curios/locked_sarcophagus/locked_sarcophagus.atlas
e:/__Mods made by Dawnbomb/Darkest Dungeon Mods/Clarity Mod/props/shared/curios/locked_sarcophagus/locked_sarcophagus.skel
e:/__Mods made by Dawnbomb/Darkest Dungeon Mods/Clarity Mod/props/shared/curios/locked_strongbox/locked_strongbox.atlas
e:/__Mods made by Dawnbomb/Darkest Dungeon Mods/Clarity Mod/props/shared/curios/locked_strongbox/locked_strongbox.skel
e:/__Mods made by Dawnbomb/Darkest Dungeon Mods/Clarity Mod/props/shared/curios/lost_luggage/lost_luggage.atlas
e:/__Mods made by Dawnbomb/Darkest Dungeon Mods/Clarity Mod/props/shared/curios/lost_luggage/lost_luggage.skel
e:/__Mods made by Dawnbomb/Darkest Dungeon Mods/Clarity Mod/props/shared/curios/makeshift_dining_table/makeshift_dining_table.atlas
e:/__Mods made by Dawnbomb/Darkest Dungeon Mods/Clarity Mod/props/shared/curios/makeshift_dining_table/makeshift_dining_table.skel
e:/__Mods made by Dawnbomb/Darkest Dungeon Mods/Clarity Mod/props/shared/curios/moonshine_barrel/moonshine_barrel.atlas
e:/__Mods made by Dawnbomb/Darkest Dungeon Mods/Clarity Mod/props/shared/curios/moonshine_barrel/moonshine_barrel.skel
e:/__Mods made by Dawnbomb/Darkest Dungeon Mods/Clarity Mod/props/shared/curios/mummified_remains/mummified_remains.atlas
e:/__Mods made by Dawnbomb/Darkest Dungeon Mods/Clarity Mod/props/shared/curios/mummified_remains/mummified_remains.skel
e:/__Mods made by Dawnbomb/Darkest Dungeon Mods/Clarity Mod/props/shared/curios/musty_tome/musty_tome.atlas
e:/__Mods made by Dawnbomb/Darkest Dungeon Mods/Clarity Mod/props/shared/curios/musty_tome/musty_tome.skel
e:/__Mods made by Dawnbomb/Darkest Dungeon Mods/Clarity Mod/props/shared/curios/occult_scrawlings/occult_scrawlings.atlas
e:/__Mods made by Dawnbomb/Darkest Dungeon Mods/Clarity Mod/props/shared/curios/occult_scrawlings/occult_scrawlings.skel
e:/__Mods made by Dawnbomb/Darkest Dungeon Mods/Clarity Mod/props/shared/curios/old_one_statue/old_one_statue.atlas
e:/__Mods made by Dawnbomb/Darkest Dungeon Mods/Clarity Mod/props/shared/curios/old_one_statue/old_one_statue.skel
e:/__Mods made by Dawnbomb/Darkest Dungeon Mods/Clarity Mod/props/shared/curios/old_tree/old_tree.atlas
e:/__Mods made by Dawnbomb/Darkest Dungeon Mods/Clarity Mod/props/shared/curios/old_tree/old_tree.skel
e:/__Mods made by Dawnbomb/Darkest Dungeon Mods/Clarity Mod/props/shared/curios/open_grave/open_grave.atlas
e:/__Mods made by Dawnbomb/Darkest Dungeon Mods/Clarity Mod/props/shared/curios/open_grave/open_grave.skel
e:/__Mods made by Dawnbomb/Darkest Dungeon Mods/Clarity Mod/props/shared/curios/pile_of_bones/pile_of_bones.atlas
e:/__Mods made by Dawnbomb/Darkest Dungeon Mods/Clarity Mod/props/shared/curios/pile_of_bones/pile_of_bones.skel
e:/__Mods made by Dawnbomb/Darkest Dungeon Mods/Clarity Mod/props/shared/curios/pile_of_scrolls/pile_of_scrolls.atlas
e:/__Mods made by Dawnbomb/Darkest Dungeon Mods/Clarity Mod/props/shared/curios/pile_of_scrolls/pile_of_scrolls.skel
e:/__Mods made by Dawnbomb/Darkest Dungeon Mods/Clarity Mod/props/shared/curios/pristine_fountain/pristine_fountain.atlas
e:/__Mods made by Dawnbomb/Darkest Dungeon Mods/Clarity Mod/props/shared/curios/pristine_fountain/pristine_fountain.skel
e:/__Mods made by Dawnbomb/Darkest Dungeon Mods/Clarity Mod/props/shared/curios/protective_ward/protective_ward.atlas
e:/__Mods made by Dawnbomb/Darkest Dungeon Mods/Clarity Mod/props/shared/curios/protective_ward/protective_ward.skel
e:/__Mods made by Dawnbomb/Darkest Dungeon Mods/Clarity Mod/props/shared/curios/reliquary/reliquary.atlas
e:/__Mods made by Dawnbomb/Darkest Dungeon Mods/Clarity Mod/props/shared/curios/reliquary/reliquary.skel
e:/__Mods made by Dawnbomb/Darkest Dungeon Mods/Clarity Mod/props/shared/curios/rotting_corpse/rotting_corpse.atlas
e:/__Mods made by Dawnbomb/Darkest Dungeon Mods/Clarity Mod/props/shared/curios/rotting_corpse/rotting_corpse.skel
e:/__Mods made by Dawnbomb/Darkest Dungeon Mods/Clarity Mod/props/shared/curios/sack/sack.atlas
e:/__Mods made by Dawnbomb/Darkest Dungeon Mods/Clarity Mod/props/shared/curios/sack/sack.skel
e:/__Mods made by Dawnbomb/Darkest Dungeon Mods/Clarity Mod/props/shared/curios/sacrificial_stone/sacrificial_stone.atlas
e:/__Mods made by Dawnbomb/Darkest Dungeon Mods/Clarity Mod/props/shared/curios/sacrificial_stone/sacrificial_stone.skel
e:/__Mods made by Dawnbomb/Darkest Dungeon Mods/Clarity Mod/props/shared/curios/sarcophagus/sarcophagus.atlas
e:/__Mods made by Dawnbomb/Darkest Dungeon Mods/Clarity Mod/props/shared/curios/sarcophagus/sarcophagus.skel
e:/__Mods made by Dawnbomb/Darkest Dungeon Mods/Clarity Mod/props/shared/curios/secret_stash/secret_stash.atlas
e:/__Mods made by Dawnbomb/Darkest Dungeon Mods/Clarity Mod/props/shared/curios/secret_stash/secret_stash.skel
e:/__Mods made by Dawnbomb/Darkest Dungeon Mods/Clarity Mod/props/shared/curios/shallow_grave/shallow_grave.atlas
e:/__Mods made by Dawnbomb/Darkest Dungeon Mods/Clarity Mod/props/shared/curios/shallow_grave/shallow_grave.skel
e:/__Mods made by Dawnbomb/Darkest Dungeon Mods/Clarity Mod/props/shared/curios/shamblers_altar/shamblers_altar.atlas
e:/__Mods made by Dawnbomb/Darkest Dungeon Mods/Clarity Mod/props/shared/curios/shamblers_altar/shamblers_altar.skel
e:/__Mods made by Dawnbomb/Darkest Dungeon Mods/Clarity Mod/props/shared/curios/shipment_crates/shipment_crates.atlas
e:/__Mods made by Dawnbomb/Darkest Dungeon Mods/Clarity Mod/props/shared/curios/shipment_crates/shipment_crates.skel
e:/__Mods made by Dawnbomb/Darkest Dungeon Mods/Clarity Mod/props/shared/curios/ships_figurehead/ships_figurehead.atlas
e:/__Mods made by Dawnbomb/Darkest Dungeon Mods/Clarity Mod/props/shared/curios/ships_figurehead/ships_figurehead.skel
e:/__Mods made by Dawnbomb/Darkest Dungeon Mods/Clarity Mod/props/shared/curios/skull_altar/skull_altar.atlas
e:/__Mods made by Dawnbomb/Darkest Dungeon Mods/Clarity Mod/props/shared/curios/skull_altar/skull_altar.skel
e:/__Mods made by Dawnbomb/Darkest Dungeon Mods/Clarity Mod/props/shared/curios/stack_of_books/stack_of_books.atlas
e:/__Mods made by Dawnbomb/Darkest Dungeon Mods/Clarity Mod/props/shared/curios/stack_of_books/stack_of_books.skel
e:/__Mods made by Dawnbomb/Darkest Dungeon Mods/Clarity Mod/props/shared/curios/suit_of_armor/suit_of_armor.atlas
e:/__Mods made by Dawnbomb/Darkest Dungeon Mods/Clarity Mod/props/shared/curios/suit_of_armor/suit_of_armor.skel
e:/__Mods made by Dawnbomb/Darkest Dungeon Mods/Clarity Mod/props/shared/curios/travellers_tent/travellers_tent.atlas
e:/__Mods made by Dawnbomb/Darkest Dungeon Mods/Clarity Mod/props/shared/curios/travellers_tent/travellers_tent.skel
e:/__Mods made by Dawnbomb/Darkest Dungeon Mods/Clarity Mod/props/shared/curios/travellers_tent_tutorial/travellers_tent_tutorial.atlas
e:/__Mods made by Dawnbomb/Darkest Dungeon Mods/Clarity Mod/props/shared/curios/travellers_tent_tutorial/travellers_tent_tutorial.skel
e:/__Mods made by Dawnbomb/Darkest Dungeon Mods/Clarity Mod/props/shared/curios/troubling_effigy/troubling_effigy.atlas
e:/__Mods made by Dawnbomb/Darkest Dungeon Mods/Clarity Mod/props/shared/curios/troubling_effigy/troubling_effigy.skel
e:/__Mods made by Dawnbomb/Darkest Dungeon Mods/Clarity Mod/props/shared/curios/unlocked_strongbox/unlocked_strongbox.atlas
